[2026-01-18T20:53:55.850808+01:00] ErrorController.ERROR: ErrorController. Método mostrar404. {"Controller":"Entrada","Action":"showGestionar"} []
[2026-01-18T21:34:36.415357+01:00] ErrorController.ERROR: ErrorController. Método mostrar404. {"Controller":"Entrada","Action":"showEditar"} []
[2026-01-18T21:34:39.988935+01:00] ErrorController.ERROR: ErrorController. Método mostrar404. {"Controller":"Entrada","Action":"showEliminar"} []
[2026-01-18T21:39:20.182478+01:00] ErrorController.ERROR: ErrorController. Método mostrar403. {"Controller":"Entrada","Action":"showEditar","Session":[]} []
[2026-01-18T21:39:34.923002+01:00] ErrorController.ERROR: ErrorController. Método mostrar403. {"Controller":"Entrada","Action":"showEditar","Session":{"user":{"stdClass":{"id":7,"nombre":"Luis","apellidos":"Sanchez","email":"luis@gmail.com","password":"$2y$10$aTGWGWCnBt2Sr6v6gGHvie4JTk8OHfZRKz9zmF4zVQa7CnOJ5Y4cK","fecha":"2025-01-24","rol":"USER","rolCompleto":"USUARIO"}}}} []
[2026-01-18T21:40:10.729322+01:00] ErrorController.ERROR: ErrorController. Método mostrar403. {"Controller":"Entrada","Action":"showEditar","Session":{"user":{"stdClass":{"id":10,"nombre":"Pepe","apellidos":"Garcia","email":"pepe@gmail.com","password":"$2y$10$aTGWGWCnBt2Sr6v6gGHvie4JTk8OHfZRKz9zmF4zVQa7CnOJ5Y4cK","fecha":"2025-01-30","rol":"USER","rolCompleto":"USUARIO"}}}} []
[2026-01-18T21:40:14.079569+01:00] ErrorController.ERROR: ErrorController. Método mostrar403. {"Controller":"Entrada","Action":"showEditar","Session":{"user":{"stdClass":{"id":10,"nombre":"Pepe","apellidos":"Garcia","email":"pepe@gmail.com","password":"$2y$10$aTGWGWCnBt2Sr6v6gGHvie4JTk8OHfZRKz9zmF4zVQa7CnOJ5Y4cK","fecha":"2025-01-30","rol":"USER","rolCompleto":"USUARIO"}}}} []
[2026-01-18T21:40:20.847289+01:00] ErrorController.ERROR: ErrorController. Método mostrar403. {"Controller":"Entrada","Action":"showEditar","Session":{"user":{"stdClass":{"id":10,"nombre":"Pepe","apellidos":"Garcia","email":"pepe@gmail.com","password":"$2y$10$aTGWGWCnBt2Sr6v6gGHvie4JTk8OHfZRKz9zmF4zVQa7CnOJ5Y4cK","fecha":"2025-01-30","rol":"USER","rolCompleto":"USUARIO"}}}} []
[2026-01-18T21:40:34.924604+01:00] ErrorController.ERROR: ErrorController. Método mostrar403. {"Controller":"Entrada","Action":"showEditar","Session":{"user":{"stdClass":{"id":10,"nombre":"Pepe","apellidos":"Garcia","email":"pepe@gmail.com","password":"$2y$10$aTGWGWCnBt2Sr6v6gGHvie4JTk8OHfZRKz9zmF4zVQa7CnOJ5Y4cK","fecha":"2025-01-30","rol":"USER","rolCompleto":"USUARIO"}}}} []
[2026-01-18T21:44:30.706007+01:00] ErrorController.ERROR: ErrorController. Método mostrar403. {"Controller":"Entrada","Action":"showEditar","Session":{"user":{"stdClass":{"id":10,"nombre":"Pepe","apellidos":"Garcia","email":"pepe@gmail.com","password":"$2y$10$aTGWGWCnBt2Sr6v6gGHvie4JTk8OHfZRKz9zmF4zVQa7CnOJ5Y4cK","fecha":"2025-01-30","rol":"USER","rolCompleto":"USUARIO"}}}} []
[2026-01-18T21:44:59.018226+01:00] ErrorController.ERROR: ErrorController. Método mostrar403. {"Controller":"Entrada","Action":"showEditar","Session":{"user":{"stdClass":{"id":10,"nombre":"Pepe","apellidos":"Garcia","email":"pepe@gmail.com","password":"$2y$10$aTGWGWCnBt2Sr6v6gGHvie4JTk8OHfZRKz9zmF4zVQa7CnOJ5Y4cK","fecha":"2025-01-30","rol":"USER","rolCompleto":"USUARIO"}}}} []
[2026-01-18T21:45:02.839240+01:00] ErrorController.ERROR: ErrorController. Método mostrar403. {"Controller":"Entrada","Action":"showEditar","Session":{"user":{"stdClass":{"id":10,"nombre":"Pepe","apellidos":"Garcia","email":"pepe@gmail.com","password":"$2y$10$aTGWGWCnBt2Sr6v6gGHvie4JTk8OHfZRKz9zmF4zVQa7CnOJ5Y4cK","fecha":"2025-01-30","rol":"USER","rolCompleto":"USUARIO"}}}} []
[2026-01-18T21:45:06.309124+01:00] ErrorController.ERROR: ErrorController. Método mostrar403. {"Controller":"Entrada","Action":"showEditar","Session":{"user":{"stdClass":{"id":10,"nombre":"Pepe","apellidos":"Garcia","email":"pepe@gmail.com","password":"$2y$10$aTGWGWCnBt2Sr6v6gGHvie4JTk8OHfZRKz9zmF4zVQa7CnOJ5Y4cK","fecha":"2025-01-30","rol":"USER","rolCompleto":"USUARIO"}}}} []
[2026-01-18T21:45:24.557733+01:00] ErrorController.ERROR: ErrorController. Método mostrar403. {"Controller":"Entrada","Action":"showEditar","Session":{"user":{"stdClass":{"id":10,"nombre":"Pepe","apellidos":"Garcia","email":"pepe@gmail.com","password":"$2y$10$aTGWGWCnBt2Sr6v6gGHvie4JTk8OHfZRKz9zmF4zVQa7CnOJ5Y4cK","fecha":"2025-01-30","rol":"USER","rolCompleto":"USUARIO"}}}} []
[2026-01-18T21:46:32.919341+01:00] ErrorController.ERROR: ErrorController. Método mostrar403. {"Controller":"Entrada","Action":"showEditar","Session":{"user":{"stdClass":{"id":10,"nombre":"Pepe","apellidos":"Garcia","email":"pepe@gmail.com","password":"$2y$10$aTGWGWCnBt2Sr6v6gGHvie4JTk8OHfZRKz9zmF4zVQa7CnOJ5Y4cK","fecha":"2025-01-30","rol":"USER","rolCompleto":"USUARIO"}}}} []
[2026-01-18T21:47:33.008151+01:00] ErrorController.ERROR: ErrorController. Método mostrar403. {"Controller":"Entrada","Action":"showEditar","Session":{"user":{"stdClass":{"id":10,"nombre":"Pepe","apellidos":"Garcia","email":"pepe@gmail.com","password":"$2y$10$aTGWGWCnBt2Sr6v6gGHvie4JTk8OHfZRKz9zmF4zVQa7CnOJ5Y4cK","fecha":"2025-01-30","rol":"USER","rolCompleto":"USUARIO"}}}} []
[2026-01-18T22:33:56.455678+01:00] ErrorController.ERROR: ErrorController. Método mostrar404. {"Controller":"Entrada","Action":"gestionarEntradas.php"} []
[2026-01-18T22:36:53.770558+01:00] ErrorController.ERROR: ErrorController. Método mostrar404. {"Controller":"Entrada","Action":"gestionarEntradas.php"} []
[2026-01-18T22:55:32.942765+01:00] ErrorController.ERROR: ErrorController. Método mostrar404. {"Controller":"Entrada/Entrada","Action":"editar"} []
[2026-01-18T23:05:37.615637+01:00] ErrorController.ERROR: ErrorController. Método mostrar403. {"Controller":"Entrada","Action":"showEliminar","Session":[]} []
[2026-01-18T23:53:12.420563+01:00] ErrorController.ERROR: ErrorController. Método mostrar403. {"Controller":"Entrada","Action":"eliminar","Session":{"user":{"stdClass":{"id":6,"nombre":"Javi","apellidos":"Martin","email":"javi@gmail.com","password":"$2y$10$aTGWGWCnBt2Sr6v6gGHvie4JTk8OHfZRKz9zmF4zVQa7CnOJ5Y4cK","fecha":"2025-01-21","rol":"ADMIN","rolCompleto":"ADMINISTRADOR"}}}} []
[2026-01-18T23:56:24.114972+01:00] ErrorController.ERROR: ErrorController. Método mostrar404. {"Controller":"Entrada","Action":"eliminar"} []
[2026-01-19T00:03:11.429446+01:00] Model.ERROR: EntradaModel. Método update: SQLSTATE[23000]: Integrity constraint violation: 1452 Cannot add or update a child row: a foreign key constraint fails (`blog`.`entradas`, CONSTRAINT `fk_entrada_categoria` FOREIGN KEY (`categoria_id`) REFERENCES `categorias` (`id`) ON DELETE NO ACTION) {"EntradaEntity":{"Mgj\\ProyectoBlog2025\\Entities\\EntradaEntity":[]}} []
[2026-01-19T00:03:11.432784+01:00] ErrorController.ERROR: ErrorController. Método mostrar404. {"Controller":"Entrada","Action":"editar"} []
[2026-01-19T00:03:26.189625+01:00] Model.ERROR: EntradaModel. Método update: SQLSTATE[23000]: Integrity constraint violation: 1452 Cannot add or update a child row: a foreign key constraint fails (`blog`.`entradas`, CONSTRAINT `fk_entrada_categoria` FOREIGN KEY (`categoria_id`) REFERENCES `categorias` (`id`) ON DELETE NO ACTION) {"EntradaEntity":{"Mgj\\ProyectoBlog2025\\Entities\\EntradaEntity":[]}} []
[2026-01-19T00:03:26.198635+01:00] ErrorController.ERROR: ErrorController. Método mostrar404. {"Controller":"Entrada","Action":"editar"} []
[2026-01-19T00:05:24.124705+01:00] ErrorController.ERROR: ErrorController. Método mostrar404. {"Controller":"Entrada","Action":"editar"} []
[2026-01-19T01:06:35.047686+01:00] ErrorController.ERROR: ErrorController. Método mostrar403. {"Controller":"Entrada","Action":"showGestionar","Session":[]} []
[2026-01-19T01:21:47.440708+01:00] ErrorController.ERROR: ErrorController. Método mostrar403. {"Controller":"Entrada","Action":"showGestionar","Session":[]} []
[2026-01-19T01:37:00.457424+01:00] Model.ERROR: UsuarioModel. Método register: SQLSTATE[23000]: Integrity constraint violation: 1062 Duplicate entry 'javi@gmail.com' for key 'uq_email' {"userEntity":{"Mgj\\ProyectoBlog2025\\Entities\\UserEntity":[]}} []
[2026-01-19T01:51:26.440838+01:00] ErrorController.ERROR: ErrorController. Método mostrar404. {"Controller":"Entrada","Action":"showGestionar"} []
[2026-01-19T01:51:32.704151+01:00] ErrorController.ERROR: ErrorController. Método mostrar404. {"Controller":"Entrada","Action":"showGestionar"} []
[2026-01-19T01:51:34.004719+01:00] ErrorController.ERROR: ErrorController. Método mostrar404. {"Controller":"Entrada","Action":"showGestionar"} []
[2026-01-19T01:51:37.767131+01:00] ErrorController.ERROR: ErrorController. Método mostrar404. {"Controller":"Entrada","Action":""} []
[2026-01-19T01:54:29.196181+01:00] ErrorController.ERROR: ErrorController. Método mostrar404. {"Controller":"Entrada","Action":"showGestionar"} []
[2026-01-19T01:56:30.209404+01:00] ErrorController.ERROR: ErrorController. Método mostrar404. {"Controller":"Entrada","Action":"showGestionar"} []
[2026-01-19T14:57:20.216698+01:00] ErrorController.ERROR: ErrorController. Método mostrar404. {"Controller":"Entrada/View","Action":"goVolver"} []
[2026-01-19T14:57:25.679583+01:00] ErrorController.ERROR: ErrorController. Método mostrar404. {"Controller":"Entrada/View","Action":"goVolver"} []
